c:\users\tetcos-pc\desktop\tleach_in_wsn_v11.1\workspace_tleach_in_wsn\src\simulation\dsr\debug\vc142.pdb
c:\users\tetcos-pc\desktop\tleach_in_wsn_v11.1\workspace_tleach_in_wsn\src\simulation\dsr\debug\vc142.idb
c:\users\tetcos-pc\desktop\tleach_in_wsn_v11.1\workspace_tleach_in_wsn\src\simulation\dsr\debug\tleach.obj
c:\users\tetcos-pc\desktop\tleach_in_wsn_v11.1\workspace_tleach_in_wsn\src\simulation\dsr\debug\sourceroute.obj
c:\users\tetcos-pc\desktop\tleach_in_wsn_v11.1\workspace_tleach_in_wsn\src\simulation\dsr\debug\sendbuffer.obj
c:\users\tetcos-pc\desktop\tleach_in_wsn_v11.1\workspace_tleach_in_wsn\src\simulation\dsr\debug\routerequest.obj
c:\users\tetcos-pc\desktop\tleach_in_wsn_v11.1\workspace_tleach_in_wsn\src\simulation\dsr\debug\routereply.obj
c:\users\tetcos-pc\desktop\tleach_in_wsn_v11.1\workspace_tleach_in_wsn\src\simulation\dsr\debug\routeerror.obj
c:\users\tetcos-pc\desktop\tleach_in_wsn_v11.1\workspace_tleach_in_wsn\src\simulation\dsr\debug\routecache.obj
c:\users\tetcos-pc\desktop\tleach_in_wsn_v11.1\workspace_tleach_in_wsn\src\simulation\dsr\debug\packetprocessing.obj
c:\users\tetcos-pc\desktop\tleach_in_wsn_v11.1\workspace_tleach_in_wsn\src\simulation\dsr\debug\network_layer_ack.obj
c:\users\tetcos-pc\desktop\tleach_in_wsn_v11.1\workspace_tleach_in_wsn\src\simulation\dsr\debug\maintbuffer.obj
c:\users\tetcos-pc\desktop\tleach_in_wsn_v11.1\workspace_tleach_in_wsn\src\simulation\dsr\debug\dsr.obj
c:\users\tetcos-pc\desktop\tleach_in_wsn_v11.1\workspace_tleach_in_wsn\src\simulation\dsr\debug\checkroutefound.obj
c:\users\tetcos-pc\desktop\tleach_in_wsn_v11.1\workspace_tleach_in_wsn\bin\bin_x86\dsr.lib
c:\users\tetcos-pc\desktop\tleach_in_wsn_v11.1\workspace_tleach_in_wsn\bin\bin_x86\dsr.exp
c:\users\tetcos-pc\desktop\tleach_in_wsn_v11.1\workspace_tleach_in_wsn\bin\bin_x86\libdsr.dll
c:\users\tetcos-pc\desktop\tleach_in_wsn_v11.1\workspace_tleach_in_wsn\bin\bin_x86\dsr.pdb
c:\users\tetcos-pc\desktop\tleach_in_wsn_v11.1\workspace_tleach_in_wsn\src\simulation\dsr\debug\dsr.tlog\cl.command.1.tlog
c:\users\tetcos-pc\desktop\tleach_in_wsn_v11.1\workspace_tleach_in_wsn\src\simulation\dsr\debug\dsr.tlog\cl.read.1.tlog
c:\users\tetcos-pc\desktop\tleach_in_wsn_v11.1\workspace_tleach_in_wsn\src\simulation\dsr\debug\dsr.tlog\cl.write.1.tlog
c:\users\tetcos-pc\desktop\tleach_in_wsn_v11.1\workspace_tleach_in_wsn\src\simulation\dsr\debug\dsr.tlog\dsr.write.1u.tlog
c:\users\tetcos-pc\desktop\tleach_in_wsn_v11.1\workspace_tleach_in_wsn\src\simulation\dsr\debug\dsr.tlog\link.1444.delete.1.tlog
c:\users\tetcos-pc\desktop\tleach_in_wsn_v11.1\workspace_tleach_in_wsn\src\simulation\dsr\debug\dsr.tlog\link.command.1.tlog
c:\users\tetcos-pc\desktop\tleach_in_wsn_v11.1\workspace_tleach_in_wsn\src\simulation\dsr\debug\dsr.tlog\link.read.1.tlog
c:\users\tetcos-pc\desktop\tleach_in_wsn_v11.1\workspace_tleach_in_wsn\src\simulation\dsr\debug\dsr.tlog\link.write.1.tlog
